<?xml version="1.0" encoding="UTF-8"?>
<!-- Generated by org.testng.reporters.JUnitReportReporter -->
<testsuite name="qaf.example.tests.SampleTest" tests="1" time="40.943" ignored="0" failures="0" timestamp="16 Jan 2019 18:18:09 GMT" skipped="0" hostname="JCPSI1439" errors="0">
  <testcase name="testGoogleSearch" time="40.943" classname="qaf.example.tests.SampleTest"/>
</testsuite> <!-- qaf.example.tests.SampleTest -->
