<?xml version="1.0" encoding="UTF-8"?>
<!-- Generated by org.testng.reporters.JUnitReportReporter -->
<testsuite name="com.qmetry.qaf.automation.step.client.Scenario" tests="1" time="22.165" ignored="0" failures="0" timestamp="27 Jan 2019 14:09:59 GMT" skipped="0" hostname="JCPSI1439" errors="0">
  <testcase name="SampleTest" time="22.165" classname="com.qmetry.qaf.automation.step.client.Scenario"/>
</testsuite> <!-- com.qmetry.qaf.automation.step.client.Scenario -->
